2025-09-21 12:50:40,142 - __main__ - WARNING - Using sample data for GBPUSD - NOT FOR LIVE TRADING
2025-09-21 12:50:45,641 - __main__ - WARNING - Using sample data for USDJPY - NOT FOR LIVE TRADING
2025-09-21 12:52:02,923 - __main__ - WARNING - Using sample data for EURUSD - NOT FOR LIVE TRADING
2025-09-21 12:52:16,284 - __main__ - WARNING - Using sample data for GBPUSD - NOT FOR LIVE TRADING
2025-09-21 12:52:29,819 - __main__ - WARNING - Using sample data for USDJPY - NOT FOR LIVE TRADING
2025-09-21 12:53:53,479 - __main__ - WARNING - Using sample data for EURUSD - NOT FOR LIVE TRADING
2025-09-21 12:54:05,095 - __main__ - WARNING - Using sample data for GBPUSD - NOT FOR LIVE TRADING
2025-09-21 12:54:16,828 - __main__ - WARNING - Using sample data for USDJPY - NOT FOR LIVE TRADING
2025-09-21 12:55:32,507 - __main__ - WARNING - Using sample data for EURUSD - NOT FOR LIVE TRADING
2025-09-21 12:55:42,650 - __main__ - WARNING - Using sample data for GBPUSD - NOT FOR LIVE TRADING
2025-09-21 12:56:00,978 - __main__ - WARNING - Using sample data for USDJPY - NOT FOR LIVE TRADING
2025-09-21 12:57:20,091 - __main__ - ERROR - Error fetching Alpha Vantage data for EURUSD: HTTPSConnectionPool(host='www.alphavantage.co', port=443): Max retries exceeded with url: /query?function=TIME_SERIES_INTRADAY&symbol=EURUSD&interval=60min&outputsize=compact&apikey=CGE2A9VFJ8L8N4LB&datatype=json (Caused by SSLError(SSLEOFError(8, '[SSL: UNEXPECTED_EOF_WHILE_READING] EOF occurred in violation of protocol (_ssl.c:1032)')))
2025-09-21 12:57:20,326 - __main__ - WARNING - Using sample data for EURUSD - NOT FOR LIVE TRADING
2025-09-21 12:57:34,580 - __main__ - WARNING - Using sample data for GBPUSD - NOT FOR LIVE TRADING
2025-09-21 12:57:45,629 - __main__ - WARNING - Using sample data for USDJPY - NOT FOR LIVE TRADING
2025-09-21 12:58:59,873 - __main__ - WARNING - Using sample data for EURUSD - NOT FOR LIVE TRADING
2025-09-21 12:59:15,560 - __main__ - WARNING - Using sample data for GBPUSD - NOT FOR LIVE TRADING
2025-09-21 12:59:32,894 - __main__ - WARNING - Using sample data for USDJPY - NOT FOR LIVE TRADING
2025-09-21 13:00:46,791 - __main__ - WARNING - Using sample data for EURUSD - NOT FOR LIVE TRADING
2025-09-21 13:00:59,975 - __main__ - WARNING - Using sample data for GBPUSD - NOT FOR LIVE TRADING
2025-09-21 13:01:09,404 - __main__ - WARNING - Using sample data for USDJPY - NOT FOR LIVE TRADING
2025-09-21 13:02:24,358 - __main__ - WARNING - Using sample data for EURUSD - NOT FOR LIVE TRADING
2025-09-21 13:02:48,015 - __main__ - WARNING - Using sample data for GBPUSD - NOT FOR LIVE TRADING
2025-09-21 13:02:59,344 - __main__ - WARNING - Using sample data for USDJPY - NOT FOR LIVE TRADING
2025-09-21 13:04:11,272 - __main__ - WARNING - Using sample data for EURUSD - NOT FOR LIVE TRADING
2025-09-21 13:04:23,205 - __main__ - WARNING - Using sample data for GBPUSD - NOT FOR LIVE TRADING
2025-09-21 13:04:34,323 - __main__ - WARNING - Using sample data for USDJPY - NOT FOR LIVE TRADING
2025-09-21 13:05:46,090 - __main__ - WARNING - Using sample data for EURUSD - NOT FOR LIVE TRADING
2025-09-21 13:05:58,255 - __main__ - WARNING - Using sample data for GBPUSD - NOT FOR LIVE TRADING
2025-09-21 13:06:19,509 - __main__ - WARNING - Using sample data for USDJPY - NOT FOR LIVE TRADING
2025-09-21 13:07:32,794 - __main__ - WARNING - Using sample data for EURUSD - NOT FOR LIVE TRADING
2025-09-21 13:07:55,430 - __main__ - WARNING - Using sample data for GBPUSD - NOT FOR LIVE TRADING
2025-09-21 13:08:04,126 - __main__ - WARNING - Using sample data for USDJPY - NOT FOR LIVE TRADING
2025-09-21 13:09:10,865 - __main__ - WARNING - Using sample data for EURUSD - NOT FOR LIVE TRADING
2025-09-21 13:09:20,439 - __main__ - WARNING - Using sample data for GBPUSD - NOT FOR LIVE TRADING
2025-09-21 13:09:45,166 - __main__ - WARNING - Using sample data for USDJPY - NOT FOR LIVE TRADING
2025-09-21 13:10:52,204 - __main__ - WARNING - Using sample data for EURUSD - NOT FOR LIVE TRADING
2025-09-21 13:11:08,573 - __main__ - ERROR - Error fetching Alpha Vantage data for GBPUSD: HTTPSConnectionPool(host='www.alphavantage.co', port=443): Max retries exceeded with url: /query?function=TIME_SERIES_INTRADAY&symbol=GBPUSD&interval=60min&outputsize=compact&apikey=CGE2A9VFJ8L8N4LB&datatype=json (Caused by SSLError(SSLEOFError(8, '[SSL: UNEXPECTED_EOF_WHILE_READING] EOF occurred in violation of protocol (_ssl.c:1032)')))
2025-09-21 13:11:08,597 - __main__ - WARNING - Using sample data for GBPUSD - NOT FOR LIVE TRADING
2025-09-21 13:11:22,003 - __main__ - WARNING - Using sample data for USDJPY - NOT FOR LIVE TRADING
2025-09-21 13:12:26,792 - __main__ - WARNING - Using sample data for EURUSD - NOT FOR LIVE TRADING
2025-09-21 13:12:30,198 - __main__ - WARNING - Using sample data for GBPUSD - NOT FOR LIVE TRADING
2025-09-21 13:12:32,960 - __main__ - WARNING - Using sample data for USDJPY - NOT FOR LIVE TRADING
2025-09-21 13:13:46,166 - __main__ - WARNING - Using sample data for EURUSD - NOT FOR LIVE TRADING
2025-09-21 13:13:57,134 - __main__ - WARNING - Using sample data for GBPUSD - NOT FOR LIVE TRADING
2025-09-21 13:14:03,408 - __main__ - WARNING - Using sample data for USDJPY - NOT FOR LIVE TRADING
2025-09-21 13:15:24,202 - __main__ - WARNING - Using sample data for EURUSD - NOT FOR LIVE TRADING
2025-09-21 13:15:37,403 - __main__ - WARNING - Using sample data for GBPUSD - NOT FOR LIVE TRADING
2025-09-21 13:16:01,784 - __main__ - WARNING - Using sample data for USDJPY - NOT FOR LIVE TRADING
2025-09-21 13:17:16,010 - __main__ - WARNING - Using sample data for EURUSD - NOT FOR LIVE TRADING
2025-09-21 13:17:29,592 - __main__ - WARNING - Using sample data for GBPUSD - NOT FOR LIVE TRADING
2025-09-21 13:17:35,703 - __main__ - WARNING - Using sample data for USDJPY - NOT FOR LIVE TRADING
2025-09-21 13:18:40,550 - __main__ - WARNING - Using sample data for EURUSD - NOT FOR LIVE TRADING
2025-09-21 13:18:42,605 - __main__ - WARNING - Using sample data for GBPUSD - NOT FOR LIVE TRADING
2025-09-21 13:18:44,500 - __main__ - WARNING - Using sample data for USDJPY - NOT FOR LIVE TRADING
2025-09-21 13:19:53,172 - __main__ - WARNING - Using sample data for EURUSD - NOT FOR LIVE TRADING
2025-09-21 13:19:55,758 - __main__ - WARNING - Using sample data for GBPUSD - NOT FOR LIVE TRADING
2025-09-21 13:19:58,554 - __main__ - WARNING - Using sample data for USDJPY - NOT FOR LIVE TRADING
2025-09-21 13:21:28,745 - __main__ - ERROR - Error fetching Alpha Vantage data for EURUSD: HTTPSConnectionPool(host='www.alphavantage.co', port=443): Read timed out. (read timeout=10)
2025-09-21 13:21:28,760 - __main__ - WARNING - Using sample data for EURUSD - NOT FOR LIVE TRADING
2025-09-21 13:21:43,332 - __main__ - WARNING - Using sample data for GBPUSD - NOT FOR LIVE TRADING
2025-09-21 13:21:53,994 - __main__ - WARNING - Using sample data for USDJPY - NOT FOR LIVE TRADING
2025-09-21 13:23:14,055 - __main__ - ERROR - Error fetching Alpha Vantage data for EURUSD: HTTPSConnectionPool(host='www.alphavantage.co', port=443): Max retries exceeded with url: /query?function=TIME_SERIES_INTRADAY&symbol=EURUSD&interval=60min&outputsize=compact&apikey=CGE2A9VFJ8L8N4LB&datatype=json (Caused by ConnectTimeoutError(<urllib3.connection.HTTPSConnection object at 0x000001C77C5D0190>, 'Connection to www.alphavantage.co timed out. (connect timeout=10)'))
2025-09-21 13:23:14,061 - __main__ - WARNING - Using sample data for EURUSD - NOT FOR LIVE TRADING
2025-09-21 13:23:22,368 - __main__ - WARNING - Using sample data for GBPUSD - NOT FOR LIVE TRADING
2025-09-21 13:23:25,917 - __main__ - WARNING - Using sample data for USDJPY - NOT FOR LIVE TRADING
2025-09-21 13:24:27,887 - __main__ - WARNING - Using sample data for EURUSD - NOT FOR LIVE TRADING
2025-09-21 13:24:31,146 - __main__ - WARNING - Using sample data for GBPUSD - NOT FOR LIVE TRADING
2025-09-21 13:24:33,606 - __main__ - WARNING - Using sample data for USDJPY - NOT FOR LIVE TRADING
2025-09-21 13:25:35,351 - __main__ - WARNING - Using sample data for EURUSD - NOT FOR LIVE TRADING
2025-09-21 13:25:37,381 - __main__ - WARNING - Using sample data for GBPUSD - NOT FOR LIVE TRADING
2025-09-21 13:25:46,511 - __main__ - WARNING - Using sample data for USDJPY - NOT FOR LIVE TRADING
2025-09-21 13:26:48,809 - __main__ - WARNING - Using sample data for EURUSD - NOT FOR LIVE TRADING
2025-09-21 13:26:50,420 - __main__ - WARNING - Using sample data for GBPUSD - NOT FOR LIVE TRADING
2025-09-21 13:26:52,423 - __main__ - WARNING - Using sample data for USDJPY - NOT FOR LIVE TRADING
2025-09-21 13:27:54,573 - __main__ - WARNING - Using sample data for EURUSD - NOT FOR LIVE TRADING
2025-09-21 13:27:56,387 - __main__ - WARNING - Using sample data for GBPUSD - NOT FOR LIVE TRADING
2025-09-21 13:28:08,944 - __main__ - ERROR - Error fetching Alpha Vantage data for USDJPY: HTTPSConnectionPool(host='www.alphavantage.co', port=443): Read timed out. (read timeout=10)
2025-09-21 13:28:08,949 - __main__ - WARNING - Using sample data for USDJPY - NOT FOR LIVE TRADING
2025-09-21 13:29:29,040 - __main__ - ERROR - Error fetching Alpha Vantage data for EURUSD: HTTPSConnectionPool(host='www.alphavantage.co', port=443): Max retries exceeded with url: /query?function=TIME_SERIES_INTRADAY&symbol=EURUSD&interval=60min&outputsize=compact&apikey=CGE2A9VFJ8L8N4LB&datatype=json (Caused by ConnectTimeoutError(<urllib3.connection.HTTPSConnection object at 0x000001C77C473B10>, 'Connection to www.alphavantage.co timed out. (connect timeout=10)'))
2025-09-21 13:29:29,048 - __main__ - WARNING - Using sample data for EURUSD - NOT FOR LIVE TRADING
2025-09-21 13:29:34,318 - __main__ - WARNING - Using sample data for GBPUSD - NOT FOR LIVE TRADING
2025-09-21 13:29:42,326 - __main__ - WARNING - Using sample data for USDJPY - NOT FOR LIVE TRADING
2025-09-21 13:30:51,324 - __main__ - WARNING - Using sample data for EURUSD - NOT FOR LIVE TRADING
2025-09-21 13:30:58,040 - __main__ - WARNING - Using sample data for GBPUSD - NOT FOR LIVE TRADING
2025-09-21 13:31:16,057 - __main__ - WARNING - Using sample data for USDJPY - NOT FOR LIVE TRADING
2025-09-21 13:32:23,720 - __main__ - WARNING - Using sample data for EURUSD - NOT FOR LIVE TRADING
2025-09-21 13:32:30,409 - __main__ - WARNING - Using sample data for GBPUSD - NOT FOR LIVE TRADING
2025-09-21 13:32:43,801 - __main__ - WARNING - Using sample data for USDJPY - NOT FOR LIVE TRADING
2025-09-21 13:33:49,304 - __main__ - WARNING - Using sample data for EURUSD - NOT FOR LIVE TRADING
2025-09-21 13:33:54,053 - __main__ - WARNING - Using sample data for GBPUSD - NOT FOR LIVE TRADING
2025-09-21 13:34:05,325 - __main__ - WARNING - Using sample data for USDJPY - NOT FOR LIVE TRADING
2025-09-21 13:35:18,553 - __main__ - WARNING - Using sample data for EURUSD - NOT FOR LIVE TRADING
2025-09-21 13:35:35,624 - __main__ - WARNING - Using sample data for GBPUSD - NOT FOR LIVE TRADING
2025-09-21 13:35:42,190 - __main__ - WARNING - Using sample data for USDJPY - NOT FOR LIVE TRADING
2025-09-21 13:37:02,226 - __main__ - ERROR - Error fetching Alpha Vantage data for EURUSD: HTTPSConnectionPool(host='www.alphavantage.co', port=443): Max retries exceeded with url: /query?function=TIME_SERIES_INTRADAY&symbol=EURUSD&interval=60min&outputsize=compact&apikey=CGE2A9VFJ8L8N4LB&datatype=json (Caused by ConnectTimeoutError(<urllib3.connection.HTTPSConnection object at 0x000001C77C5D0410>, 'Connection to www.alphavantage.co timed out. (connect timeout=10)'))
2025-09-21 13:37:02,231 - __main__ - WARNING - Using sample data for EURUSD - NOT FOR LIVE TRADING
2025-09-21 13:37:03,508 - __main__ - WARNING - Using sample data for GBPUSD - NOT FOR LIVE TRADING
2025-09-21 13:37:04,667 - __main__ - WARNING - Using sample data for USDJPY - NOT FOR LIVE TRADING
2025-09-21 13:38:06,379 - __main__ - WARNING - Using sample data for EURUSD - NOT FOR LIVE TRADING
2025-09-21 13:38:08,405 - __main__ - WARNING - Using sample data for GBPUSD - NOT FOR LIVE TRADING
2025-09-21 13:38:13,236 - __main__ - WARNING - Using sample data for USDJPY - NOT FOR LIVE TRADING
2025-09-21 13:39:15,110 - __main__ - WARNING - Using sample data for EURUSD - NOT FOR LIVE TRADING
2025-09-21 13:39:16,384 - __main__ - WARNING - Using sample data for GBPUSD - NOT FOR LIVE TRADING
2025-09-21 13:39:18,975 - __main__ - WARNING - Using sample data for USDJPY - NOT FOR LIVE TRADING
